#
# There is insufficient memory for the Java Runtime Environment to continue.
# Native memory allocation (malloc) failed to allocate 1048576 bytes for AllocateHeap
# Possible reasons:
#   The system is out of physical RAM or swap space
#   In 32 bit mode, the process size limit was hit
# Possible solutions:
#   Reduce memory load on the system
#   Increase physical memory or swap space
#   Check if swap backing store is full
#   Use 64 bit Java on a 64 bit OS
#   Decrease Java heap size (-Xmx/-Xms)
#   Decrease number of Java threads
#   Decrease Java thread stack sizes (-Xss)
#   Set larger code cache with -XX:ReservedCodeCacheSize=
# This output file may be truncated or incomplete.
#
#  Out of Memory Error (memory/allocation.inline.hpp:61), pid=4472, tid=12468
#
# JRE version:  (8.0_73-b02) (build )
# Java VM: Java HotSpot(TM) 64-Bit Server VM (25.73-b02 mixed mode windows-amd64 compressed oops)
# Failed to write core dump. Minidumps are not enabled by default on client versions of Windows
#

---------------  T H R E A D  ---------------

Current thread (0x0000000002350800):  JavaThread "Unknown thread" [_thread_in_vm, id=12468, stack(0x0000000002180000,0x0000000002280000)]

Stack: [0x0000000002180000,0x0000000002280000]
[error occurred during error reporting (printing stack bounds), id 0xc0000005]

Native frames: (J=compiled Java code, j=interpreted, Vv=VM code, C=native code)


---------------  P R O C E S S  ---------------

Java Threads: ( => current thread )

Other Threads:

=>0x0000000002350800 (exited) JavaThread "Unknown thread" [_thread_in_vm, id=12468, stack(0x0000000002180000,0x0000000002280000)]

VM state:not at safepoint (normal execution)

VM Mutex/Monitor currently owned by a thread: None

Heap:
 PSYoungGen      total 38400K, used 665K [0x00000000d5a00000, 0x00000000d8480000, 0x0000000100000000)
  eden space 33280K, 2% used [0x00000000d5a00000,0x00000000d5aa6670,0x00000000d7a80000)
  from space 5120K, 0% used [0x00000000d7f80000,0x00000000d7f80000,0x00000000d8480000)
  to   space 5120K, 0% used [0x00000000d7a80000,0x00000000d7a80000,0x00000000d7f80000)
 ParOldGen       total 87552K, used 0K [0x0000000080e00000, 0x0000000086380000, 0x00000000d5a00000)
  object space 87552K, 0% used [0x0000000080e00000,0x0000000080e00000,0x0000000086380000)
 Metaspace       used 746K, capacity 4480K, committed 4480K, reserved 1056768K
  class space    used 75K, capacity 384K, committed 384K, reserved 1048576K

Card table byte_map: [0x0000000011810000,0x0000000011c10000] byte_map_base: 0x0000000011409000

Marking Bits: (ParMarkBitMap*) 0x0000000070fc0600
 Begin Bits: [0x00000000126c0000, 0x0000000014688000)
 End Bits:   [0x0000000014688000, 0x0000000016650000)

Polling page: 0x0000000000960000

CodeCache: size=245760Kb used=328Kb max_used=328Kb free=245431Kb
 bounds [0x0000000002450000, 0x00000000026c0000, 0x0000000011450000]
 total_blobs=57 nmethods=0 adapters=37
 compilation: enabled

Compilation events (0 events):
No events

GC Heap History (0 events):
No events

Deoptimization events (0 events):
No events

Internal exceptions (0 events):
No events

Events (10 events):
Event: 0.026 loading class java/lang/Short
Event: 0.026 loading class java/lang/Short done
Event: 0.026 loading class java/lang/Integer
Event: 0.026 loading class java/lang/Integer done
Event: 0.026 loading class java/lang/Long
Event: 0.026 loading class java/lang/Long done
Event: 0.027 loading class java/lang/NullPointerException
Event: 0.027 loading class java/lang/NullPointerException done
Event: 0.027 loading class java/lang/ArithmeticException
Event: 0.027 loading class java/lang/ArithmeticException done


Dynamic libraries:
0x00007ff7a2ce0000 - 0x00007ff7a2d17000 	C:\Program Files\Java\jre1.8.0_73\bin\javaw.exe
0x00007ffee5c80000 - 0x00007ffee5e41000 	C:\Windows\SYSTEM32\ntdll.dll
0x00007ffee36a0000 - 0x00007ffee374d000 	C:\Windows\system32\KERNEL32.DLL
0x00007ffee2cd0000 - 0x00007ffee2eb8000 	C:\Windows\system32\KERNELBASE.dll
0x00007ffee3750000 - 0x00007ffee37f7000 	C:\Windows\system32\ADVAPI32.dll
0x00007ffee5be0000 - 0x00007ffee5c7d000 	C:\Windows\system32\msvcrt.dll
0x00007ffee56a0000 - 0x00007ffee56fb000 	C:\Windows\system32\sechost.dll
0x00007ffee3360000 - 0x00007ffee347c000 	C:\Windows\system32\RPCRT4.dll
0x00007ffee3880000 - 0x00007ffee39d6000 	C:\Windows\system32\USER32.dll
0x00007ffee3e00000 - 0x00007ffee3f86000 	C:\Windows\system32\GDI32.dll
0x00007ffedbeb0000 - 0x00007ffedc124000 	C:\Windows\WinSxS\amd64_microsoft.windows.common-controls_6595b64144ccf1df_6.0.10586.0_none_8c15ae12515e1c22\COMCTL32.dll
0x00007ffee30e0000 - 0x00007ffee335d000 	C:\Windows\system32\combase.dll
0x00007ffee23c0000 - 0x00007ffee242a000 	C:\Windows\system32\bcryptPrimitives.dll
0x00007ffee3da0000 - 0x00007ffee3ddb000 	C:\Windows\system32\IMM32.DLL
0x0000000070600000 - 0x00000000706d2000 	C:\Program Files\Java\jre1.8.0_73\bin\msvcr100.dll
0x00000000707b0000 - 0x0000000071040000 	C:\Program Files\Java\jre1.8.0_73\bin\server\jvm.dll
0x00007ffee3b40000 - 0x00007ffee3b48000 	C:\Windows\system32\PSAPI.DLL
0x00007ffee05b0000 - 0x00007ffee05d3000 	C:\Windows\SYSTEM32\WINMM.dll
0x00007ffedd020000 - 0x00007ffedd02a000 	C:\Windows\SYSTEM32\VERSION.dll
0x00007ffedaa70000 - 0x00007ffedaa79000 	C:\Windows\SYSTEM32\WSOCK32.dll
0x00007ffee3d30000 - 0x00007ffee3d9b000 	C:\Windows\system32\WS2_32.dll
0x00000000008f0000 - 0x000000000091c000 	C:\Windows\SYSTEM32\WINMMBASE.dll
0x00007ffee2f70000 - 0x00007ffee2fb3000 	C:\Windows\system32\cfgmgr32.dll
0x00000000707a0000 - 0x00000000707af000 	C:\Program Files\Java\jre1.8.0_73\bin\verify.dll
0x0000000070770000 - 0x0000000070799000 	C:\Program Files\Java\jre1.8.0_73\bin\java.dll
0x0000000070750000 - 0x0000000070766000 	C:\Program Files\Java\jre1.8.0_73\bin\zip.dll

VM Arguments:
jvm_args: -Dfile.encoding=Cp1252 
java_command: main
java_class_path (initial): C:\Users\Marco Castro\Documents\Learn_Java\Choose Adventure Game\bin
Launcher Type: SUN_STANDARD

Environment Variables:
PATH=C:/Program Files/Java/jre1.8.0_73/bin/server;C:/Program Files/Java/jre1.8.0_73/bin;C:/Program Files/Java/jre1.8.0_73/lib/amd64;C:\ProgramData\Oracle\Java\javapath;C:\Program Files (x86)\Intel\iCLS Client\;C:\Program Files\Intel\iCLS Client\;C:\Windows\system32;C:\Windows;C:\Windows\System32\Wbem;C:\Windows\System32\WindowsPowerShell\v1.0\;C:\Program Files\Intel\Intel(R) Management Engine Components\DAL;C:\Program Files (x86)\Intel\Intel(R) Management Engine Components\DAL;C:\Program Files\Intel\Intel(R) Management Engine Components\IPT;C:\Program Files (x86)\Intel\Intel(R) Management Engine Components\IPT;C:\Program Files\Microsoft SQL Server\120\Tools\Binn\;C:\Program Files\Microsoft\Web Platform Installer\;C:\eclipse;
USERNAME=Marco Castro
OS=Windows_NT
PROCESSOR_IDENTIFIER=Intel64 Family 6 Model 58 Stepping 9, GenuineIntel



---------------  S Y S T E M  ---------------

OS: Windows 10.0 , 64 bit Build 10586 (10.0.10586.0)

CPU:total 8 (4 cores per cpu, 2 threads per core) family 6 model 58 stepping 9, cmov, cx8, fxsr, mmx, sse, sse2, sse3, ssse3, sse4.1, sse4.2, popcnt, avx, aes, clmul, erms, ht, tsc, tscinvbit, tscinv

Memory: 4k page, physical 8325828k(4181000k free), swap 16260288k(4684k free)

vm_info: Java HotSpot(TM) 64-Bit Server VM (25.73-b02) for windows-amd64 JRE (1.8.0_73-b02), built on Jan 29 2016 17:38:49 by "java_re" with MS VC++ 10.0 (VS2010)

time: Fri Mar 04 15:23:09 2016
elapsed time: 0 seconds (0d 0h 0m 0s)

